<?xml version="1.0" encoding="UTF-8"?>
<!-- Generated by org.testng.reporters.JUnitReportReporter -->
<testsuite skipped="0" hostname="kapilsurface" name="TestNGDemo.TestNG_ReporterLog_Demo" tests="1" failures="0" timestamp="13 Mar 2020 18:59:54 GMT" time="0.014" errors="0">
  <testcase name="testMethod1" time="0.014" classname="TestNGDemo.TestNG_ReporterLog_Demo"/>
</testsuite> <!-- TestNGDemo.TestNG_ReporterLog_Demo -->
