<?xml version="1.0" encoding="UTF-8"?>
<!-- Generated by org.testng.reporters.JUnitReportReporter -->
<testsuite skipped="0" hostname="kapilsurface" name="TestNGDemo.TestNGDemo_1" tests="1" failures="0" timestamp="05 Mar 2020 11:28:51 GMT" time="0.016" errors="0">
  <testcase name="testMethod1" time="0.016" classname="TestNGDemo.TestNGDemo_1"/>
</testsuite> <!-- TestNGDemo.TestNGDemo_1 -->
