<?xml version="1.0" encoding="UTF-8"?>
<!-- Generated by org.testng.reporters.JUnitReportReporter -->
<testsuite skipped="0" hostname="kapilsurface" name="TestNGDemo.TestNG_DataProvider" tests="3" failures="0" timestamp="07 Mar 2020 16:06:18 GMT" time="75.607" errors="0">
  <testcase name="testLogin" time="24.549" classname="TestNGDemo.TestNG_DataProvider"/>
  <testcase name="testLogin" time="26.994" classname="TestNGDemo.TestNG_DataProvider"/>
  <testcase name="testLogin" time="24.064" classname="TestNGDemo.TestNG_DataProvider"/>
</testsuite> <!-- TestNGDemo.TestNG_DataProvider -->
