<?xml version="1.0" encoding="UTF-8"?>
<!-- Generated by org.testng.reporters.JUnitReportReporter -->
<testsuite skipped="0" hostname="kapilsurface" name="TestNGDemo.NewTest" tests="3" failures="0" timestamp="04 Mar 2020 10:49:59 GMT" time="0.015" errors="0">
  <testcase name="testMethod1" time="0.011" classname="TestNGDemo.NewTest"/>
  <testcase name="testMethod3" time="0.001" classname="TestNGDemo.NewTest"/>
  <testcase name="testMethod2" time="0.003" classname="TestNGDemo.NewTest"/>
</testsuite> <!-- TestNGDemo.NewTest -->
