<?xml version="1.0" encoding="UTF-8"?>
<!-- Generated by org.testng.reporters.JUnitReportReporter -->
<testsuite skipped="0" hostname="kapilsurface" name="TestNGDemo.TestNG_ExtentReport_Demo" tests="3" failures="0" timestamp="14 Mar 2020 18:03:44 GMT" time="51.132" errors="0">
  <testcase name="verifyWelcome2" time="12.529" classname="TestNGDemo.TestNG_ExtentReport_Demo"/>
  <testcase name="verifyWelcome3" time="12.168" classname="TestNGDemo.TestNG_ExtentReport_Demo"/>
  <testcase name="verifyWelcome" time="26.435" classname="TestNGDemo.TestNG_ExtentReport_Demo"/>
</testsuite> <!-- TestNGDemo.TestNG_ExtentReport_Demo -->
