<?xml version="1.0" encoding="UTF-8"?>
<!-- Generated by org.testng.reporters.JUnitReportReporter -->
<testsuite skipped="1" hostname="kapilsurface" name="TestNGDemo.TestNG_TestDatafromExcelFile" tests="1" failures="0" timestamp="17 Mar 2020 18:33:33 GMT" time="0.000" errors="0">
  <testcase name="testInvalidLogin" time="0.000" classname="TestNGDemo.TestNG_TestDatafromExcelFile">
    <skipped/>
  </testcase> <!-- testInvalidLogin -->
</testsuite> <!-- TestNGDemo.TestNG_TestDatafromExcelFile -->
