<?xml version="1.0" encoding="UTF-8"?>
<!-- Generated by org.testng.reporters.JUnitReportReporter -->
<testsuite skipped="0" hostname="kapilsurface" name="TestNGDemo.TestNG_Login" tests="1" failures="0" timestamp="05 Mar 2020 17:11:40 GMT" time="24.731" errors="0">
  <testcase name="testLogin" time="24.731" classname="TestNGDemo.TestNG_Login"/>
</testsuite> <!-- TestNGDemo.TestNG_Login -->
