<?xml version="1.0" encoding="UTF-8"?>
<!-- Generated by org.testng.reporters.JUnitReportReporter -->
<testsuite skipped="0" hostname="kapilsurface" name="TestNGDemo.TestNG_GroupAttribute" tests="6" failures="0" timestamp="04 Mar 2020 22:18:35 GMT" time="0.017" errors="0">
  <testcase name="testPassword" time="0.001" classname="TestNGDemo.TestNG_GroupAttribute"/>
  <testcase name="testUserName" time="0.000" classname="TestNGDemo.TestNG_GroupAttribute"/>
  <testcase name="testlogo" time="0.000" classname="TestNGDemo.TestNG_GroupAttribute"/>
  <testcase name="testheader" time="0.000" classname="TestNGDemo.TestNG_GroupAttribute"/>
  <testcase name="testTitle" time="0.000" classname="TestNGDemo.TestNG_GroupAttribute"/>
  <testcase name="testForgotPassword" time="0.016" classname="TestNGDemo.TestNG_GroupAttribute"/>
</testsuite> <!-- TestNGDemo.TestNG_GroupAttribute -->
