<?xml version="1.0" encoding="UTF-8"?>
<!-- Generated by org.testng.reporters.JUnitReportReporter -->
<testsuite skipped="0" hostname="kapilsurface" name="TestNGDemo.TestNG_ExtentReport_Demo2" tests="3" failures="0" timestamp="14 Mar 2020 18:03:44 GMT" time="48.700" errors="0">
  <testcase name="verifyWelcome3" time="12.312" classname="TestNGDemo.TestNG_ExtentReport_Demo2"/>
  <testcase name="verifyWelcome" time="24.206" classname="TestNGDemo.TestNG_ExtentReport_Demo2"/>
  <testcase name="verifyWelcome2" time="12.182" classname="TestNGDemo.TestNG_ExtentReport_Demo2"/>
</testsuite> <!-- TestNGDemo.TestNG_ExtentReport_Demo2 -->
