<?xml version="1.0" encoding="UTF-8"?>
<!-- Generated by org.testng.reporters.JUnitReportReporter -->
<testsuite skipped="0" hostname="kapilsurface" name="TestNGDemo.TestNG_Annotaions_2" tests="1" failures="0" timestamp="05 Mar 2020 11:28:51 GMT" time="0.015" errors="0">
  <testcase name="testMethod1" time="0.015" classname="TestNGDemo.TestNG_Annotaions_2"/>
</testsuite> <!-- TestNGDemo.TestNG_Annotaions_2 -->
